# JRE version: OpenJDK Runtime Environment (8.0_242-b01) (build 1.8.0_242-release-1644-b01)
# Java VM: OpenJDK 64-Bit Server VM (25.242-b01 mixed mode windows-amd64 compressed oops)
Heap:
 PSYoungGen      total 504832K, used 90561K [0x00000000d5580000, 0x00000000f9c80000, 0x0000000100000000)
  eden space 456192K, 17% used [0x00000000d5580000,0x00000000da481448,0x00000000f1300000)
  from space 48640K, 19% used [0x00000000f1300000,0x00000000f1c6f248,0x00000000f4280000)
  to   space 46080K, 0% used [0x00000000f4280000,0x00000000f4280000,0x00000000f6f80000)
 ParOldGen       total 177152K, used 109810K [0x0000000080000000, 0x000000008ad00000, 0x00000000d5580000)
  object space 177152K, 61% used [0x0000000080000000,0x0000000086b3cb70,0x000000008ad00000)
 Metaspace       used 115448K, capacity 122130K, committed 124364K, reserved 1157120K
  class space    used 14792K, capacity 16038K, committed 16896K, reserved 1048576K
GC Heap History (10 events):
Event: 4483.199 GC heap before
{Heap before GC invocations=49 (full 5):
 PSYoungGen      total 396288K, used 347354K [0x00000000d5580000, 0x00000000f4600000, 0x0000000100000000)
  eden space 340480K, 100% used [0x00000000d5580000,0x00000000ea200000,0x00000000ea200000)
  from space 55808K, 12% used [0x00000000ea200000,0x00000000ea8b6858,0x00000000ed880000)
  to   space 55296K, 0% used [0x00000000f1000000,0x00000000f1000000,0x00000000f4600000)
 ParOldGen       total 177152K, used 94684K [0x0000000080000000, 0x000000008ad00000, 0x00000000d5580000)
  object space 177152K, 53% used [0x0000000080000000,0x0000000085c77140,0x000000008ad00000)
 Metaspace       used 115322K, capacity 122006K, committed 124364K, reserved 1157120K
  class space    used 14786K, capacity 16032K, committed 16896K, reserved 1048576K
Event: 4483.236 GC heap after
Heap after GC invocations=49 (full 5):
 PSYoungGen      total 442880K, used 9900K [0x00000000d5580000, 0x00000000f3f80000, 0x0000000100000000)
  eden space 394240K, 0% used [0x00000000d5580000,0x00000000d5580000,0x00000000ed680000)
  from space 48640K, 20% used [0x00000000f1000000,0x00000000f19ab350,0x00000000f3f80000)
  to   space 53760K, 0% used [0x00000000ed680000,0x00000000ed680000,0x00000000f0b00000)
 ParOldGen       total 177152K, used 97531K [0x0000000080000000, 0x000000008ad00000, 0x00000000d5580000)
  object space 177152K, 55% used [0x0000000080000000,0x0000000085f3ec58,0x000000008ad00000)
 Metaspace       used 115322K, capacity 122006K, committed 124364K, reserved 1157120K
  class space    used 14786K, capacity 16032K, committed 16896K, reserved 1048576K
}
Event: 4487.061 GC heap before
{Heap before GC invocations=50 (full 5):
 PSYoungGen      total 442880K, used 404140K [0x00000000d5580000, 0x00000000f3f80000, 0x0000000100000000)
  eden space 394240K, 100% used [0x00000000d5580000,0x00000000ed680000,0x00000000ed680000)
  from space 48640K, 20% used [0x00000000f1000000,0x00000000f19ab350,0x00000000f3f80000)
  to   space 53760K, 0% used [0x00000000ed680000,0x00000000ed680000,0x00000000f0b00000)
 ParOldGen       total 177152K, used 97531K [0x0000000080000000, 0x000000008ad00000, 0x00000000d5580000)
  object space 177152K, 55% used [0x0000000080000000,0x0000000085f3ec58,0x000000008ad00000)
 Metaspace       used 115349K, capacity 122024K, committed 124364K, reserved 1157120K
  class space    used 14788K, capacity 16035K, committed 16896K, reserved 1048576K
Event: 4487.092 GC heap after
Heap after GC invocations=50 (full 5):
 PSYoungGen      total 448000K, used 3124K [0x00000000d5580000, 0x00000000f7680000, 0x0000000100000000)
  eden space 394240K, 0% used [0x00000000d5580000,0x00000000d5580000,0x00000000ed680000)
  from space 53760K, 5% used [0x00000000ed680000,0x00000000ed98d020,0x00000000f0b00000)
  to   space 53248K, 0% used [0x00000000f4280000,0x00000000f4280000,0x00000000f7680000)
 ParOldGen       total 177152K, used 105360K [0x0000000080000000, 0x000000008ad00000, 0x00000000d5580000)
  object space 177152K, 59% used [0x0000000080000000,0x00000000866e4150,0x000000008ad00000)
 Metaspace       used 115349K, capacity 122024K, committed 124364K, reserved 1157120K
  class space    used 14788K, capacity 16035K, committed 16896K, reserved 1048576K
}
Event: 4490.253 GC heap before
{Heap before GC invocations=51 (full 5):
 PSYoungGen      total 448000K, used 397364K [0x00000000d5580000, 0x00000000f7680000, 0x0000000100000000)
  eden space 394240K, 100% used [0x00000000d5580000,0x00000000ed680000,0x00000000ed680000)
  from space 53760K, 5% used [0x00000000ed680000,0x00000000ed98d020,0x00000000f0b00000)
  to   space 53248K, 0% used [0x00000000f4280000,0x00000000f4280000,0x00000000f7680000)
 ParOldGen       total 177152K, used 105360K [0x0000000080000000, 0x000000008ad00000, 0x00000000d5580000)
  object space 177152K, 59% used [0x0000000080000000,0x00000000866e4150,0x000000008ad00000)
 Metaspace       used 115369K, capacity 122088K, committed 124364K, reserved 1157120K
  class space    used 14788K, capacity 16035K, committed 16896K, reserved 1048576K
Event: 4490.283 GC heap after
Heap after GC invocations=51 (full 5):
 PSYoungGen      total 493568K, used 5237K [0x00000000d5580000, 0x00000000f6f80000, 0x0000000100000000)
  eden space 447488K, 0% used [0x00000000d5580000,0x00000000d5580000,0x00000000f0a80000)
  from space 46080K, 11% used [0x00000000f4280000,0x00000000f479d420,0x00000000f6f80000)
  to   space 51712K, 0% used [0x00000000f0a80000,0x00000000f0a80000,0x00000000f3d00000)
 ParOldGen       total 177152K, used 106419K [0x0000000080000000, 0x000000008ad00000, 0x00000000d5580000)
  object space 177152K, 60% used [0x0000000080000000,0x00000000867ecd78,0x000000008ad00000)
 Metaspace       used 115369K, capacity 122088K, committed 124364K, reserved 1157120K
  class space    used 14788K, capacity 16035K, committed 16896K, reserved 1048576K
}
Event: 4501.674 GC heap before
{Heap before GC invocations=52 (full 5):
 PSYoungGen      total 493568K, used 452725K [0x00000000d5580000, 0x00000000f6f80000, 0x0000000100000000)
  eden space 447488K, 100% used [0x00000000d5580000,0x00000000f0a80000,0x00000000f0a80000)
  from space 46080K, 11% used [0x00000000f4280000,0x00000000f479d420,0x00000000f6f80000)
  to   space 51712K, 0% used [0x00000000f0a80000,0x00000000f0a80000,0x00000000f3d00000)
 ParOldGen       total 177152K, used 106419K [0x0000000080000000, 0x000000008ad00000, 0x00000000d5580000)
  object space 177152K, 60% used [0x0000000080000000,0x00000000867ecd78,0x000000008ad00000)
 Metaspace       used 115414K, capacity 122122K, committed 124364K, reserved 1157120K
  class space    used 14790K, capacity 16038K, committed 16896K, reserved 1048576K
Event: 4501.898 GC heap after
Heap after GC invocations=52 (full 5):
 PSYoungGen      total 499200K, used 4993K [0x00000000d5580000, 0x00000000f6f80000, 0x0000000100000000)
  eden space 447488K, 0% used [0x00000000d5580000,0x00000000d5580000,0x00000000f0a80000)
  from space 51712K, 9% used [0x00000000f0a80000,0x00000000f0f60720,0x00000000f3d00000)
  to   space 46080K, 0% used [0x00000000f4280000,0x00000000f4280000,0x00000000f6f80000)
 ParOldGen       total 177152K, used 108072K [0x0000000080000000, 0x000000008ad00000, 0x00000000d5580000)
  object space 177152K, 61% used [0x0000000080000000,0x000000008698a180,0x000000008ad00000)
 Metaspace       used 115414K, capacity 122122K, committed 124364K, reserved 1157120K
  class space    used 14790K, capacity 16038K, committed 16896K, reserved 1048576K
}
Event: 4539.673 GC heap before
{Heap before GC invocations=53 (full 5):
 PSYoungGen      total 499200K, used 452481K [0x00000000d5580000, 0x00000000f6f80000, 0x0000000100000000)
  eden space 447488K, 100% used [0x00000000d5580000,0x00000000f0a80000,0x00000000f0a80000)
  from space 51712K, 9% used [0x00000000f0a80000,0x00000000f0f60720,0x00000000f3d00000)
  to   space 46080K, 0% used [0x00000000f4280000,0x00000000f4280000,0x00000000f6f80000)
 ParOldGen       total 177152K, used 108072K [0x0000000080000000, 0x000000008ad00000, 0x00000000d5580000)
  object space 177152K, 61% used [0x0000000080000000,0x000000008698a180,0x000000008ad00000)
 Metaspace       used 115428K, capacity 122126K, committed 124364K, reserved 1157120K
  class space    used 14792K, capacity 16038K, committed 16896K, reserved 1048576K
Event: 4539.942 GC heap after
Heap after GC invocations=53 (full 5):
 PSYoungGen      total 502272K, used 4960K [0x00000000d5580000, 0x00000000f9c80000, 0x0000000100000000)
  eden space 456192K, 0% used [0x00000000d5580000,0x00000000d5580000,0x00000000f1300000)
  from space 46080K, 10% used [0x00000000f4280000,0x00000000f4758268,0x00000000f6f80000)
  to   space 48640K, 0% used [0x00000000f1300000,0x00000000f1300000,0x00000000f4280000)
 ParOldGen       total 177152K, used 108616K [0x0000000080000000, 0x000000008ad00000, 0x00000000d5580000)
  object space 177152K, 61% used [0x0000000080000000,0x0000000086a12348,0x000000008ad00000)
 Metaspace       used 115428K, capacity 122126K, committed 124364K, reserved 1157120K
  class space    used 14792K, capacity 16038K, committed 16896K, reserved 1048576K
}

